2023-02-09 17:39:28.542 [background-preinit] [INFO] [o.h.validator.internal.util.Version] - HV000001: Hibernate Validator 6.2.0.Final
2023-02-09 17:39:28.548 [main] [INFO] [sh.radical.order.OrderApplication] - Starting OrderApplication using Java 17.0.5 on saiprasadsomanchis-MacBook-Pro.local with PID 71433 (/Users/saiprasadsomanchi/OrderService/build/classes/java/main started by saiprasadsomanchi in /Users/saiprasadsomanchi/OrderService)
2023-02-09 17:39:28.549 [main] [INFO] [sh.radical.order.OrderApplication] - No active profile set, falling back to default profiles: default
2023-02-09 17:39:28.901 [main] [INFO] [o.s.d.r.c.RepositoryConfigurationDelegate] - Bootstrapping Spring Data MongoDB repositories in DEFAULT mode.
2023-02-09 17:39:28.922 [main] [INFO] [o.s.d.r.c.RepositoryConfigurationDelegate] - Finished Spring Data repository scanning in 20 ms. Found 1 MongoDB repository interfaces.
2023-02-09 17:39:29.114 [main] [INFO] [o.s.b.w.e.tomcat.TomcatWebServer] - Tomcat initialized with port(s): 8080 (http)
2023-02-09 17:39:29.120 [main] [INFO] [o.a.coyote.http11.Http11NioProtocol] - Initializing ProtocolHandler ["http-nio-8080"]
2023-02-09 17:39:29.120 [main] [INFO] [o.a.catalina.core.StandardService] - Starting service [Tomcat]
2023-02-09 17:39:29.121 [main] [INFO] [o.a.catalina.core.StandardEngine] - Starting Servlet engine: [Apache Tomcat/9.0.55]
2023-02-09 17:39:29.158 [main] [INFO] [o.a.c.c.C.[Tomcat].[localhost].[/]] - Initializing Spring embedded WebApplicationContext
2023-02-09 17:39:29.158 [main] [INFO] [o.s.b.w.s.c.ServletWebServerApplicationContext] - Root WebApplicationContext: initialization completed in 589 ms
2023-02-09 17:39:29.265 [main] [INFO] [org.mongodb.driver.cluster] - Cluster created with settings {hosts=[localhost:27017], mode=SINGLE, requiredClusterType=UNKNOWN, serverSelectionTimeout='30000 ms'}
2023-02-09 17:39:29.360 [cluster-rtt-ClusterId{value='63e4e279604a757d2a618285', description='null'}-localhost:27017] [INFO] [org.mongodb.driver.connection] - Opened connection [connectionId{localValue:1, serverValue:45}] to localhost:27017
2023-02-09 17:39:29.360 [cluster-ClusterId{value='63e4e279604a757d2a618285', description='null'}-localhost:27017] [INFO] [org.mongodb.driver.connection] - Opened connection [connectionId{localValue:2, serverValue:46}] to localhost:27017
2023-02-09 17:39:29.360 [cluster-ClusterId{value='63e4e279604a757d2a618285', description='null'}-localhost:27017] [INFO] [org.mongodb.driver.cluster] - Monitor thread successfully connected to server with description ServerDescription{address=localhost:27017, type=STANDALONE, state=CONNECTED, ok=true, minWireVersion=0, maxWireVersion=17, maxDocumentSize=16777216, logicalSessionTimeoutMinutes=30, roundTripTimeNanos=39341167}
2023-02-09 17:39:29.750 [main] [INFO] [o.a.coyote.http11.Http11NioProtocol] - Starting ProtocolHandler ["http-nio-8080"]
2023-02-09 17:39:29.757 [main] [INFO] [o.s.b.w.e.tomcat.TomcatWebServer] - Tomcat started on port(s): 8080 (http) with context path ''
2023-02-09 17:39:29.784 [main] [INFO] [o.s.b.w.e.tomcat.TomcatWebServer] - Tomcat initialized with port(s): 8081 (http)
2023-02-09 17:39:29.784 [main] [INFO] [o.a.coyote.http11.Http11NioProtocol] - Initializing ProtocolHandler ["http-nio-8081"]
2023-02-09 17:39:29.784 [main] [INFO] [o.a.catalina.core.StandardService] - Starting service [Tomcat]
2023-02-09 17:39:29.784 [main] [INFO] [o.a.catalina.core.StandardEngine] - Starting Servlet engine: [Apache Tomcat/9.0.55]
2023-02-09 17:39:29.790 [main] [INFO] [o.a.c.c.C.[Tomcat-1].[localhost].[/]] - Initializing Spring embedded WebApplicationContext
2023-02-09 17:39:29.790 [main] [INFO] [o.s.b.w.s.c.ServletWebServerApplicationContext] - Root WebApplicationContext: initialization completed in 31 ms
2023-02-09 17:39:29.795 [main] [INFO] [o.s.b.a.e.web.EndpointLinksResolver] - Exposing 3 endpoint(s) beneath base path '/actuator'
2023-02-09 17:39:29.858 [main] [INFO] [o.a.coyote.http11.Http11NioProtocol] - Starting ProtocolHandler ["http-nio-8081"]
2023-02-09 17:39:29.859 [main] [INFO] [o.s.b.w.e.tomcat.TomcatWebServer] - Tomcat started on port(s): 8081 (http) with context path ''
2023-02-09 17:39:29.866 [main] [INFO] [sh.radical.order.OrderApplication] - Started OrderApplication in 6.61 seconds (JVM running for 6.825)
2023-02-09 17:40:25.157 [background-preinit] [INFO] [o.h.validator.internal.util.Version] - HV000001: Hibernate Validator 6.2.0.Final
2023-02-09 17:40:25.160 [main] [INFO] [sh.radical.order.OrderApplication] - Starting OrderApplication using Java 17.0.5 on saiprasadsomanchis-MacBook-Pro.local with PID 72073 (/Users/saiprasadsomanchi/OrderService/build/classes/java/main started by saiprasadsomanchi in /Users/saiprasadsomanchi/OrderService)
2023-02-09 17:40:25.160 [main] [INFO] [sh.radical.order.OrderApplication] - No active profile set, falling back to default profiles: default
2023-02-09 17:40:25.529 [main] [INFO] [o.s.d.r.c.RepositoryConfigurationDelegate] - Bootstrapping Spring Data MongoDB repositories in DEFAULT mode.
2023-02-09 17:40:25.552 [main] [INFO] [o.s.d.r.c.RepositoryConfigurationDelegate] - Finished Spring Data repository scanning in 21 ms. Found 1 MongoDB repository interfaces.
2023-02-09 17:40:25.737 [main] [INFO] [o.s.b.w.e.tomcat.TomcatWebServer] - Tomcat initialized with port(s): 8080 (http)
2023-02-09 17:40:25.742 [main] [INFO] [o.a.coyote.http11.Http11NioProtocol] - Initializing ProtocolHandler ["http-nio-8080"]
2023-02-09 17:40:25.742 [main] [INFO] [o.a.catalina.core.StandardService] - Starting service [Tomcat]
2023-02-09 17:40:25.742 [main] [INFO] [o.a.catalina.core.StandardEngine] - Starting Servlet engine: [Apache Tomcat/9.0.55]
2023-02-09 17:40:25.780 [main] [INFO] [o.a.c.c.C.[Tomcat].[localhost].[/]] - Initializing Spring embedded WebApplicationContext
2023-02-09 17:40:25.780 [main] [INFO] [o.s.b.w.s.c.ServletWebServerApplicationContext] - Root WebApplicationContext: initialization completed in 597 ms
2023-02-09 17:40:25.910 [main] [INFO] [org.mongodb.driver.cluster] - Cluster created with settings {hosts=[localhost:27017], mode=SINGLE, requiredClusterType=UNKNOWN, serverSelectionTimeout='30000 ms'}
2023-02-09 17:40:26.004 [cluster-ClusterId{value='63e4e2b1f42bef483d7e6207', description='null'}-localhost:27017] [INFO] [org.mongodb.driver.connection] - Opened connection [connectionId{localValue:1, serverValue:48}] to localhost:27017
2023-02-09 17:40:26.004 [cluster-rtt-ClusterId{value='63e4e2b1f42bef483d7e6207', description='null'}-localhost:27017] [INFO] [org.mongodb.driver.connection] - Opened connection [connectionId{localValue:2, serverValue:47}] to localhost:27017
2023-02-09 17:40:26.004 [cluster-ClusterId{value='63e4e2b1f42bef483d7e6207', description='null'}-localhost:27017] [INFO] [org.mongodb.driver.cluster] - Monitor thread successfully connected to server with description ServerDescription{address=localhost:27017, type=STANDALONE, state=CONNECTED, ok=true, minWireVersion=0, maxWireVersion=17, maxDocumentSize=16777216, logicalSessionTimeoutMinutes=30, roundTripTimeNanos=32901167}
2023-02-09 17:40:26.364 [main] [INFO] [o.a.coyote.http11.Http11NioProtocol] - Starting ProtocolHandler ["http-nio-8080"]
2023-02-09 17:40:26.372 [main] [INFO] [o.s.b.w.e.tomcat.TomcatWebServer] - Tomcat started on port(s): 8080 (http) with context path ''
2023-02-09 17:40:26.397 [main] [INFO] [o.s.b.w.e.tomcat.TomcatWebServer] - Tomcat initialized with port(s): 8081 (http)
2023-02-09 17:40:26.397 [main] [INFO] [o.a.coyote.http11.Http11NioProtocol] - Initializing ProtocolHandler ["http-nio-8081"]
2023-02-09 17:40:26.397 [main] [INFO] [o.a.catalina.core.StandardService] - Starting service [Tomcat]
2023-02-09 17:40:26.397 [main] [INFO] [o.a.catalina.core.StandardEngine] - Starting Servlet engine: [Apache Tomcat/9.0.55]
2023-02-09 17:40:26.404 [main] [INFO] [o.a.c.c.C.[Tomcat-1].[localhost].[/]] - Initializing Spring embedded WebApplicationContext
2023-02-09 17:40:26.404 [main] [INFO] [o.s.b.w.s.c.ServletWebServerApplicationContext] - Root WebApplicationContext: initialization completed in 31 ms
2023-02-09 17:40:26.409 [main] [INFO] [o.s.b.a.e.web.EndpointLinksResolver] - Exposing 3 endpoint(s) beneath base path '/actuator'
2023-02-09 17:40:26.483 [main] [INFO] [o.a.coyote.http11.Http11NioProtocol] - Starting ProtocolHandler ["http-nio-8081"]
2023-02-09 17:40:26.484 [main] [INFO] [o.s.b.w.e.tomcat.TomcatWebServer] - Tomcat started on port(s): 8081 (http) with context path ''
2023-02-09 17:40:26.491 [main] [INFO] [sh.radical.order.OrderApplication] - Started OrderApplication in 6.593 seconds (JVM running for 6.748)
2023-02-09 17:40:45.146 [http-nio-8080-exec-1] [INFO] [o.a.c.c.C.[Tomcat].[localhost].[/]] - Initializing Spring DispatcherServlet 'dispatcherServlet'
2023-02-09 17:40:45.146 [http-nio-8080-exec-1] [INFO] [o.s.web.servlet.DispatcherServlet] - Initializing Servlet 'dispatcherServlet'
2023-02-09 17:40:45.147 [http-nio-8080-exec-1] [INFO] [o.s.web.servlet.DispatcherServlet] - Completed initialization in 1 ms
2023-02-09 17:40:45.389 [http-nio-8080-exec-5] [INFO] [o.s.api.AbstractOpenApiResource] - Init duration for springdoc-openapi is: 90 ms
2023-02-09 17:41:01.239 [http-nio-8080-exec-6] [INFO] [s.r.o.c.OrderQueryController] - finding all orders with filters: name:eq:sai and sorBy: +name
2023-02-09 17:41:01.240 [http-nio-8080-exec-6] [INFO] [s.r.order.services.OrderService] - inside findAll service method
2023-02-09 17:41:01.361 [http-nio-8080-exec-6] [INFO] [org.mongodb.driver.connection] - Opened connection [connectionId{localValue:3, serverValue:49}] to localhost:27017
