2023-02-01 14:13:39.264 [background-preinit] [INFO] [o.h.validator.internal.util.Version] - HV000001: Hibernate Validator 6.2.0.Final
2023-02-01 14:13:39.268 [main] [INFO] [sh.radical.order.OrderApplication] - Starting OrderApplication using Java 17.0.5 on saiprasadsomanchis-MacBook-Pro.local with PID 85611 (/Users/saiprasadsomanchi/OrderService/build/classes/java/main started by saiprasadsomanchi in /Users/saiprasadsomanchi/OrderService)
2023-02-01 14:13:39.268 [main] [INFO] [sh.radical.order.OrderApplication] - No active profile set, falling back to default profiles: default
2023-02-01 14:13:39.662 [main] [INFO] [o.s.d.r.c.RepositoryConfigurationDelegate] - Bootstrapping Spring Data MongoDB repositories in DEFAULT mode.
2023-02-01 14:13:39.684 [main] [INFO] [o.s.d.r.c.RepositoryConfigurationDelegate] - Finished Spring Data repository scanning in 20 ms. Found 1 MongoDB repository interfaces.
2023-02-01 14:13:39.882 [main] [INFO] [o.s.b.w.e.tomcat.TomcatWebServer] - Tomcat initialized with port(s): 8080 (http)
2023-02-01 14:13:39.887 [main] [INFO] [o.a.coyote.http11.Http11NioProtocol] - Initializing ProtocolHandler ["http-nio-8080"]
2023-02-01 14:13:39.887 [main] [INFO] [o.a.catalina.core.StandardService] - Starting service [Tomcat]
2023-02-01 14:13:39.887 [main] [INFO] [o.a.catalina.core.StandardEngine] - Starting Servlet engine: [Apache Tomcat/9.0.55]
2023-02-01 14:13:39.930 [main] [INFO] [o.a.c.c.C.[Tomcat].[localhost].[/]] - Initializing Spring embedded WebApplicationContext
2023-02-01 14:13:39.930 [main] [INFO] [o.s.b.w.s.c.ServletWebServerApplicationContext] - Root WebApplicationContext: initialization completed in 639 ms
2023-02-01 14:13:40.029 [main] [INFO] [org.mongodb.driver.cluster] - Cluster created with settings {hosts=[localhost:27017], mode=SINGLE, requiredClusterType=UNKNOWN, serverSelectionTimeout='30000 ms'}
2023-02-01 14:13:40.130 [cluster-ClusterId{value='63da263ccfce906773c43362', description='null'}-localhost:27017] [INFO] [org.mongodb.driver.connection] - Opened connection [connectionId{localValue:2, serverValue:30}] to localhost:27017
2023-02-01 14:13:40.131 [cluster-rtt-ClusterId{value='63da263ccfce906773c43362', description='null'}-localhost:27017] [INFO] [org.mongodb.driver.connection] - Opened connection [connectionId{localValue:1, serverValue:29}] to localhost:27017
2023-02-01 14:13:40.131 [cluster-ClusterId{value='63da263ccfce906773c43362', description='null'}-localhost:27017] [INFO] [org.mongodb.driver.cluster] - Monitor thread successfully connected to server with description ServerDescription{address=localhost:27017, type=STANDALONE, state=CONNECTED, ok=true, minWireVersion=0, maxWireVersion=17, maxDocumentSize=16777216, logicalSessionTimeoutMinutes=30, roundTripTimeNanos=42037792}
2023-02-01 14:13:40.635 [main] [INFO] [o.a.coyote.http11.Http11NioProtocol] - Starting ProtocolHandler ["http-nio-8080"]
2023-02-01 14:13:40.643 [main] [INFO] [o.s.b.w.e.tomcat.TomcatWebServer] - Tomcat started on port(s): 8080 (http) with context path ''
2023-02-01 14:13:40.673 [main] [INFO] [o.s.b.w.e.tomcat.TomcatWebServer] - Tomcat initialized with port(s): 8081 (http)
2023-02-01 14:13:40.673 [main] [INFO] [o.a.coyote.http11.Http11NioProtocol] - Initializing ProtocolHandler ["http-nio-8081"]
2023-02-01 14:13:40.673 [main] [INFO] [o.a.catalina.core.StandardService] - Starting service [Tomcat]
2023-02-01 14:13:40.673 [main] [INFO] [o.a.catalina.core.StandardEngine] - Starting Servlet engine: [Apache Tomcat/9.0.55]
2023-02-01 14:13:40.680 [main] [INFO] [o.a.c.c.C.[Tomcat-1].[localhost].[/]] - Initializing Spring embedded WebApplicationContext
2023-02-01 14:13:40.680 [main] [INFO] [o.s.b.w.s.c.ServletWebServerApplicationContext] - Root WebApplicationContext: initialization completed in 35 ms
2023-02-01 14:13:40.686 [main] [INFO] [o.s.b.a.e.web.EndpointLinksResolver] - Exposing 3 endpoint(s) beneath base path '/actuator'
2023-02-01 14:13:40.753 [main] [INFO] [o.a.coyote.http11.Http11NioProtocol] - Starting ProtocolHandler ["http-nio-8081"]
2023-02-01 14:13:40.753 [main] [INFO] [o.s.b.w.e.tomcat.TomcatWebServer] - Tomcat started on port(s): 8081 (http) with context path ''
2023-02-01 14:13:40.761 [main] [INFO] [sh.radical.order.OrderApplication] - Started OrderApplication in 6.778 seconds (JVM running for 6.979)
2023-02-01 15:22:14.707 [background-preinit] [INFO] [o.h.validator.internal.util.Version] - HV000001: Hibernate Validator 6.2.0.Final
2023-02-01 15:22:14.709 [main] [INFO] [sh.radical.order.OrderApplication] - Starting OrderApplication using Java 17.0.5 on saiprasadsomanchis-MacBook-Pro.local with PID 93362 (/Users/saiprasadsomanchi/OrderService/build/classes/java/main started by saiprasadsomanchi in /Users/saiprasadsomanchi/OrderService)
2023-02-01 15:22:14.709 [main] [INFO] [sh.radical.order.OrderApplication] - No active profile set, falling back to default profiles: default
2023-02-01 15:22:15.100 [main] [INFO] [o.s.d.r.c.RepositoryConfigurationDelegate] - Bootstrapping Spring Data MongoDB repositories in DEFAULT mode.
2023-02-01 15:22:15.120 [main] [INFO] [o.s.d.r.c.RepositoryConfigurationDelegate] - Finished Spring Data repository scanning in 18 ms. Found 1 MongoDB repository interfaces.
2023-02-01 15:22:15.326 [main] [INFO] [o.s.b.w.e.tomcat.TomcatWebServer] - Tomcat initialized with port(s): 8080 (http)
2023-02-01 15:22:15.331 [main] [INFO] [o.a.coyote.http11.Http11NioProtocol] - Initializing ProtocolHandler ["http-nio-8080"]
2023-02-01 15:22:15.331 [main] [INFO] [o.a.catalina.core.StandardService] - Starting service [Tomcat]
2023-02-01 15:22:15.331 [main] [INFO] [o.a.catalina.core.StandardEngine] - Starting Servlet engine: [Apache Tomcat/9.0.55]
2023-02-01 15:22:15.367 [main] [INFO] [o.a.c.c.C.[Tomcat].[localhost].[/]] - Initializing Spring embedded WebApplicationContext
2023-02-01 15:22:15.368 [main] [INFO] [o.s.b.w.s.c.ServletWebServerApplicationContext] - Root WebApplicationContext: initialization completed in 640 ms
2023-02-01 15:22:15.460 [main] [INFO] [org.mongodb.driver.cluster] - Cluster created with settings {hosts=[localhost:27017], mode=SINGLE, requiredClusterType=UNKNOWN, serverSelectionTimeout='30000 ms'}
2023-02-01 15:22:15.550 [cluster-ClusterId{value='63da364f99bdc3795327bd06', description='null'}-localhost:27017] [INFO] [org.mongodb.driver.connection] - Opened connection [connectionId{localValue:2, serverValue:31}] to localhost:27017
2023-02-01 15:22:15.550 [cluster-rtt-ClusterId{value='63da364f99bdc3795327bd06', description='null'}-localhost:27017] [INFO] [org.mongodb.driver.connection] - Opened connection [connectionId{localValue:1, serverValue:32}] to localhost:27017
2023-02-01 15:22:15.550 [cluster-ClusterId{value='63da364f99bdc3795327bd06', description='null'}-localhost:27017] [INFO] [org.mongodb.driver.cluster] - Monitor thread successfully connected to server with description ServerDescription{address=localhost:27017, type=STANDALONE, state=CONNECTED, ok=true, minWireVersion=0, maxWireVersion=17, maxDocumentSize=16777216, logicalSessionTimeoutMinutes=30, roundTripTimeNanos=27273500}
2023-02-01 15:22:15.561 [main] [WARN] [o.s.b.w.s.c.AnnotationConfigServletWebServerApplicationContext] - Exception encountered during context initialization - cancelling refresh attempt: org.springframework.beans.factory.UnsatisfiedDependencyException: Error creating bean with name 'orderController': Unsatisfied dependency expressed through field 'orderService'; nested exception is org.springframework.beans.factory.UnsatisfiedDependencyException: Error creating bean with name 'orderService': Unsatisfied dependency expressed through field 'orderRepository'; nested exception is org.springframework.beans.factory.BeanCreationException: Error creating bean with name 'orderRepository' defined in sh.radical.order.repositories.OrderRepository defined in @EnableMongoRepositories declared on MongoRepositoriesRegistrar.EnableMongoRepositoriesConfiguration: Invocation of init method failed; nested exception is java.lang.IllegalArgumentException: Did not find a query class sh.radical.order.models.QOrder for domain class sh.radical.order.models.Order!
2023-02-01 15:22:15.562 [main] [INFO] [o.a.catalina.core.StandardService] - Stopping service [Tomcat]
2023-02-01 15:22:15.571 [main] [INFO] [o.s.b.a.l.ConditionEvaluationReportLoggingListener] - 

Error starting ApplicationContext. To display the conditions report re-run your application with 'debug' enabled.
2023-02-01 15:22:15.578 [main] [ERROR] [o.s.boot.SpringApplication] - Application run failed
org.springframework.beans.factory.UnsatisfiedDependencyException: Error creating bean with name 'orderController': Unsatisfied dependency expressed through field 'orderService'; nested exception is org.springframework.beans.factory.UnsatisfiedDependencyException: Error creating bean with name 'orderService': Unsatisfied dependency expressed through field 'orderRepository'; nested exception is org.springframework.beans.factory.BeanCreationException: Error creating bean with name 'orderRepository' defined in sh.radical.order.repositories.OrderRepository defined in @EnableMongoRepositories declared on MongoRepositoriesRegistrar.EnableMongoRepositoriesConfiguration: Invocation of init method failed; nested exception is java.lang.IllegalArgumentException: Did not find a query class sh.radical.order.models.QOrder for domain class sh.radical.order.models.Order!
	at org.springframework.beans.factory.annotation.AutowiredAnnotationBeanPostProcessor$AutowiredFieldElement.resolveFieldValue(AutowiredAnnotationBeanPostProcessor.java:659)
	at org.springframework.beans.factory.annotation.AutowiredAnnotationBeanPostProcessor$AutowiredFieldElement.inject(AutowiredAnnotationBeanPostProcessor.java:639)
	at org.springframework.beans.factory.annotation.InjectionMetadata.inject(InjectionMetadata.java:119)
	at org.springframework.beans.factory.annotation.AutowiredAnnotationBeanPostProcessor.postProcessProperties(AutowiredAnnotationBeanPostProcessor.java:399)
	at org.springframework.beans.factory.support.AbstractAutowireCapableBeanFactory.populateBean(AbstractAutowireCapableBeanFactory.java:1431)
	at org.springframework.beans.factory.support.AbstractAutowireCapableBeanFactory.doCreateBean(AbstractAutowireCapableBeanFactory.java:619)
	at org.springframework.beans.factory.support.AbstractAutowireCapableBeanFactory.createBean(AbstractAutowireCapableBeanFactory.java:542)
	at org.springframework.beans.factory.support.AbstractBeanFactory.lambda$doGetBean$0(AbstractBeanFactory.java:335)
	at org.springframework.beans.factory.support.DefaultSingletonBeanRegistry.getSingleton(DefaultSingletonBeanRegistry.java:234)
	at org.springframework.beans.factory.support.AbstractBeanFactory.doGetBean(AbstractBeanFactory.java:333)
	at org.springframework.beans.factory.support.AbstractBeanFactory.getBean(AbstractBeanFactory.java:208)
	at org.springframework.beans.factory.support.DefaultListableBeanFactory.preInstantiateSingletons(DefaultListableBeanFactory.java:944)
	at org.springframework.context.support.AbstractApplicationContext.finishBeanFactoryInitialization(AbstractApplicationContext.java:918)
	at org.springframework.context.support.AbstractApplicationContext.refresh(AbstractApplicationContext.java:583)
	at org.springframework.boot.web.servlet.context.ServletWebServerApplicationContext.refresh(ServletWebServerApplicationContext.java:145)
	at org.springframework.boot.SpringApplication.refresh(SpringApplication.java:730)
	at org.springframework.boot.SpringApplication.refreshContext(SpringApplication.java:412)
	at org.springframework.boot.SpringApplication.run(SpringApplication.java:302)
	at org.springframework.boot.SpringApplication.run(SpringApplication.java:1301)
	at org.springframework.boot.SpringApplication.run(SpringApplication.java:1290)
	at sh.radical.order.OrderApplication.main(OrderApplication.java:12)
Caused by: org.springframework.beans.factory.UnsatisfiedDependencyException: Error creating bean with name 'orderService': Unsatisfied dependency expressed through field 'orderRepository'; nested exception is org.springframework.beans.factory.BeanCreationException: Error creating bean with name 'orderRepository' defined in sh.radical.order.repositories.OrderRepository defined in @EnableMongoRepositories declared on MongoRepositoriesRegistrar.EnableMongoRepositoriesConfiguration: Invocation of init method failed; nested exception is java.lang.IllegalArgumentException: Did not find a query class sh.radical.order.models.QOrder for domain class sh.radical.order.models.Order!
	at org.springframework.beans.factory.annotation.AutowiredAnnotationBeanPostProcessor$AutowiredFieldElement.resolveFieldValue(AutowiredAnnotationBeanPostProcessor.java:659)
	at org.springframework.beans.factory.annotation.AutowiredAnnotationBeanPostProcessor$AutowiredFieldElement.inject(AutowiredAnnotationBeanPostProcessor.java:639)
	at org.springframework.beans.factory.annotation.InjectionMetadata.inject(InjectionMetadata.java:119)
	at org.springframework.beans.factory.annotation.AutowiredAnnotationBeanPostProcessor.postProcessProperties(AutowiredAnnotationBeanPostProcessor.java:399)
	at org.springframework.beans.factory.support.AbstractAutowireCapableBeanFactory.populateBean(AbstractAutowireCapableBeanFactory.java:1431)
	at org.springframework.beans.factory.support.AbstractAutowireCapableBeanFactory.doCreateBean(AbstractAutowireCapableBeanFactory.java:619)
	at org.springframework.beans.factory.support.AbstractAutowireCapableBeanFactory.createBean(AbstractAutowireCapableBeanFactory.java:542)
	at org.springframework.beans.factory.support.AbstractBeanFactory.lambda$doGetBean$0(AbstractBeanFactory.java:335)
	at org.springframework.beans.factory.support.DefaultSingletonBeanRegistry.getSingleton(DefaultSingletonBeanRegistry.java:234)
	at org.springframework.beans.factory.support.AbstractBeanFactory.doGetBean(AbstractBeanFactory.java:333)
	at org.springframework.beans.factory.support.AbstractBeanFactory.getBean(AbstractBeanFactory.java:208)
	at org.springframework.beans.factory.config.DependencyDescriptor.resolveCandidate(DependencyDescriptor.java:276)
	at org.springframework.beans.factory.support.DefaultListableBeanFactory.doResolveDependency(DefaultListableBeanFactory.java:1380)
	at org.springframework.beans.factory.support.DefaultListableBeanFactory.resolveDependency(DefaultListableBeanFactory.java:1300)
	at org.springframework.beans.factory.annotation.AutowiredAnnotationBeanPostProcessor$AutowiredFieldElement.resolveFieldValue(AutowiredAnnotationBeanPostProcessor.java:656)
	... 20 common frames omitted
Caused by: org.springframework.beans.factory.BeanCreationException: Error creating bean with name 'orderRepository' defined in sh.radical.order.repositories.OrderRepository defined in @EnableMongoRepositories declared on MongoRepositoriesRegistrar.EnableMongoRepositoriesConfiguration: Invocation of init method failed; nested exception is java.lang.IllegalArgumentException: Did not find a query class sh.radical.order.models.QOrder for domain class sh.radical.order.models.Order!
	at org.springframework.beans.factory.support.AbstractAutowireCapableBeanFactory.initializeBean(AbstractAutowireCapableBeanFactory.java:1804)
	at org.springframework.beans.factory.support.AbstractAutowireCapableBeanFactory.doCreateBean(AbstractAutowireCapableBeanFactory.java:620)
	at org.springframework.beans.factory.support.AbstractAutowireCapableBeanFactory.createBean(AbstractAutowireCapableBeanFactory.java:542)
	at org.springframework.beans.factory.support.AbstractBeanFactory.lambda$doGetBean$0(AbstractBeanFactory.java:335)
	at org.springframework.beans.factory.support.DefaultSingletonBeanRegistry.getSingleton(DefaultSingletonBeanRegistry.java:234)
	at org.springframework.beans.factory.support.AbstractBeanFactory.doGetBean(AbstractBeanFactory.java:333)
	at org.springframework.beans.factory.support.AbstractBeanFactory.getBean(AbstractBeanFactory.java:208)
	at org.springframework.beans.factory.config.DependencyDescriptor.resolveCandidate(DependencyDescriptor.java:276)
	at org.springframework.beans.factory.support.DefaultListableBeanFactory.doResolveDependency(DefaultListableBeanFactory.java:1380)
	at org.springframework.beans.factory.support.DefaultListableBeanFactory.resolveDependency(DefaultListableBeanFactory.java:1300)
	at org.springframework.beans.factory.annotation.AutowiredAnnotationBeanPostProcessor$AutowiredFieldElement.resolveFieldValue(AutowiredAnnotationBeanPostProcessor.java:656)
	... 34 common frames omitted
Caused by: java.lang.IllegalArgumentException: Did not find a query class sh.radical.order.models.QOrder for domain class sh.radical.order.models.Order!
	at org.springframework.data.querydsl.SimpleEntityPathResolver.createPath(SimpleEntityPathResolver.java:78)
	at org.springframework.data.mongodb.repository.support.QuerydslMongoPredicateExecutor.<init>(QuerydslMongoPredicateExecutor.java:83)
	at org.springframework.data.mongodb.repository.support.QuerydslMongoPredicateExecutor.<init>(QuerydslMongoPredicateExecutor.java:69)
	at org.springframework.data.mongodb.repository.support.MongoRepositoryFactory.getRepositoryFragments(MongoRepositoryFactory.java:121)
	at org.springframework.data.mongodb.repository.support.MongoRepositoryFactory.getRepositoryFragments(MongoRepositoryFactory.java:94)
	at org.springframework.data.repository.core.support.RepositoryFactorySupport.getRepositoryComposition(RepositoryFactorySupport.java:434)
	at org.springframework.data.repository.core.support.RepositoryFactorySupport.getRepository(RepositoryFactorySupport.java:300)
	at org.springframework.data.repository.core.support.RepositoryFactoryBeanSupport.lambda$afterPropertiesSet$5(RepositoryFactoryBeanSupport.java:322)
	at org.springframework.data.util.Lazy.getNullable(Lazy.java:230)
	at org.springframework.data.util.Lazy.get(Lazy.java:114)
	at org.springframework.data.repository.core.support.RepositoryFactoryBeanSupport.afterPropertiesSet(RepositoryFactoryBeanSupport.java:328)
	at org.springframework.data.mongodb.repository.support.MongoRepositoryFactoryBean.afterPropertiesSet(MongoRepositoryFactoryBean.java:119)
	at org.springframework.beans.factory.support.AbstractAutowireCapableBeanFactory.invokeInitMethods(AbstractAutowireCapableBeanFactory.java:1863)
	at org.springframework.beans.factory.support.AbstractAutowireCapableBeanFactory.initializeBean(AbstractAutowireCapableBeanFactory.java:1800)
	... 44 common frames omitted
Caused by: java.lang.ClassNotFoundException: sh.radical.order.models.QOrder
	at java.base/jdk.internal.loader.BuiltinClassLoader.loadClass(BuiltinClassLoader.java:641)
	at java.base/jdk.internal.loader.ClassLoaders$AppClassLoader.loadClass(ClassLoaders.java:188)
	at java.base/java.lang.ClassLoader.loadClass(ClassLoader.java:520)
	at java.base/java.lang.Class.forName0(Native Method)
	at java.base/java.lang.Class.forName(Class.java:467)
	at org.springframework.util.ClassUtils.forName(ClassUtils.java:284)
	at org.springframework.data.querydsl.SimpleEntityPathResolver.createPath(SimpleEntityPathResolver.java:71)
	... 57 common frames omitted
2023-02-01 15:24:01.901 [background-preinit] [INFO] [o.h.validator.internal.util.Version] - HV000001: Hibernate Validator 6.2.0.Final
2023-02-01 15:24:01.903 [main] [INFO] [sh.radical.order.OrderApplication] - Starting OrderApplication using Java 17.0.5 on saiprasadsomanchis-MacBook-Pro.local with PID 93814 (/Users/saiprasadsomanchi/OrderService/build/classes/java/main started by saiprasadsomanchi in /Users/saiprasadsomanchi/OrderService)
2023-02-01 15:24:01.903 [main] [INFO] [sh.radical.order.OrderApplication] - No active profile set, falling back to default profiles: default
2023-02-01 15:24:02.259 [main] [INFO] [o.s.d.r.c.RepositoryConfigurationDelegate] - Bootstrapping Spring Data MongoDB repositories in DEFAULT mode.
2023-02-01 15:24:02.279 [main] [ERROR] [o.s.boot.SpringApplication] - Application run failed
java.lang.NoClassDefFoundError: com/querydsl/core/types/Predicate
	at java.base/java.lang.Class.getDeclaredMethods0(Native Method)
	at java.base/java.lang.Class.privateGetDeclaredMethods(Class.java:3402)
	at java.base/java.lang.Class.privateGetPublicMethods(Class.java:3427)
	at java.base/java.lang.Class.privateGetPublicMethods(Class.java:3439)
	at java.base/java.lang.Class.getMethods(Class.java:2019)
	at org.springframework.data.repository.util.ReactiveWrappers.usesReactiveType(ReactiveWrappers.java:174)
	at org.springframework.data.repository.core.support.AbstractRepositoryMetadata.isReactiveRepository(AbstractRepositoryMetadata.java:160)
	at org.springframework.data.mongodb.repository.config.MongoRepositoryConfigurationExtension.useRepositoryConfiguration(MongoRepositoryConfigurationExtension.java:121)
	at org.springframework.data.repository.config.RepositoryConfigurationExtensionSupport.getRepositoryConfigurations(RepositoryConfigurationExtensionSupport.java:108)
	at org.springframework.data.repository.config.RepositoryConfigurationDelegate.registerRepositoriesIn(RepositoryConfigurationDelegate.java:159)
	at org.springframework.boot.autoconfigure.data.AbstractRepositoryConfigurationSourceSupport.registerBeanDefinitions(AbstractRepositoryConfigurationSourceSupport.java:62)
	at org.springframework.context.annotation.ConfigurationClassBeanDefinitionReader.lambda$loadBeanDefinitionsFromRegistrars$1(ConfigurationClassBeanDefinitionReader.java:396)
	at java.base/java.util.LinkedHashMap.forEach(LinkedHashMap.java:721)
	at org.springframework.context.annotation.ConfigurationClassBeanDefinitionReader.loadBeanDefinitionsFromRegistrars(ConfigurationClassBeanDefinitionReader.java:395)
	at org.springframework.context.annotation.ConfigurationClassBeanDefinitionReader.loadBeanDefinitionsForConfigurationClass(ConfigurationClassBeanDefinitionReader.java:157)
	at org.springframework.context.annotation.ConfigurationClassBeanDefinitionReader.loadBeanDefinitions(ConfigurationClassBeanDefinitionReader.java:129)
	at org.springframework.context.annotation.ConfigurationClassPostProcessor.processConfigBeanDefinitions(ConfigurationClassPostProcessor.java:343)
	at org.springframework.context.annotation.ConfigurationClassPostProcessor.postProcessBeanDefinitionRegistry(ConfigurationClassPostProcessor.java:247)
	at org.springframework.context.support.PostProcessorRegistrationDelegate.invokeBeanDefinitionRegistryPostProcessors(PostProcessorRegistrationDelegate.java:311)
	at org.springframework.context.support.PostProcessorRegistrationDelegate.invokeBeanFactoryPostProcessors(PostProcessorRegistrationDelegate.java:112)
	at org.springframework.context.support.AbstractApplicationContext.invokeBeanFactoryPostProcessors(AbstractApplicationContext.java:746)
	at org.springframework.context.support.AbstractApplicationContext.refresh(AbstractApplicationContext.java:564)
	at org.springframework.boot.web.servlet.context.ServletWebServerApplicationContext.refresh(ServletWebServerApplicationContext.java:145)
	at org.springframework.boot.SpringApplication.refresh(SpringApplication.java:730)
	at org.springframework.boot.SpringApplication.refreshContext(SpringApplication.java:412)
	at org.springframework.boot.SpringApplication.run(SpringApplication.java:302)
	at org.springframework.boot.SpringApplication.run(SpringApplication.java:1301)
	at org.springframework.boot.SpringApplication.run(SpringApplication.java:1290)
	at sh.radical.order.OrderApplication.main(OrderApplication.java:12)
Caused by: java.lang.ClassNotFoundException: com.querydsl.core.types.Predicate
	at java.base/jdk.internal.loader.BuiltinClassLoader.loadClass(BuiltinClassLoader.java:641)
	at java.base/jdk.internal.loader.ClassLoaders$AppClassLoader.loadClass(ClassLoaders.java:188)
	at java.base/java.lang.ClassLoader.loadClass(ClassLoader.java:520)
	... 29 common frames omitted
2023-02-01 15:24:39.500 [background-preinit] [INFO] [o.h.validator.internal.util.Version] - HV000001: Hibernate Validator 6.2.0.Final
2023-02-01 15:24:39.502 [main] [INFO] [sh.radical.order.OrderApplication] - Starting OrderApplication using Java 17.0.5 on saiprasadsomanchis-MacBook-Pro.local with PID 94002 (/Users/saiprasadsomanchi/OrderService/build/classes/java/main started by saiprasadsomanchi in /Users/saiprasadsomanchi/OrderService)
2023-02-01 15:24:39.502 [main] [INFO] [sh.radical.order.OrderApplication] - No active profile set, falling back to default profiles: default
2023-02-01 15:24:39.865 [main] [INFO] [o.s.d.r.c.RepositoryConfigurationDelegate] - Bootstrapping Spring Data MongoDB repositories in DEFAULT mode.
2023-02-01 15:24:39.887 [main] [INFO] [o.s.d.r.c.RepositoryConfigurationDelegate] - Finished Spring Data repository scanning in 19 ms. Found 1 MongoDB repository interfaces.
2023-02-01 15:24:40.068 [main] [INFO] [o.s.b.w.e.tomcat.TomcatWebServer] - Tomcat initialized with port(s): 8080 (http)
2023-02-01 15:24:40.072 [main] [INFO] [o.a.coyote.http11.Http11NioProtocol] - Initializing ProtocolHandler ["http-nio-8080"]
2023-02-01 15:24:40.073 [main] [INFO] [o.a.catalina.core.StandardService] - Starting service [Tomcat]
2023-02-01 15:24:40.073 [main] [INFO] [o.a.catalina.core.StandardEngine] - Starting Servlet engine: [Apache Tomcat/9.0.55]
2023-02-01 15:24:40.109 [main] [INFO] [o.a.c.c.C.[Tomcat].[localhost].[/]] - Initializing Spring embedded WebApplicationContext
2023-02-01 15:24:40.109 [main] [INFO] [o.s.b.w.s.c.ServletWebServerApplicationContext] - Root WebApplicationContext: initialization completed in 589 ms
2023-02-01 15:24:40.198 [main] [WARN] [o.s.b.w.s.c.AnnotationConfigServletWebServerApplicationContext] - Exception encountered during context initialization - cancelling refresh attempt: org.springframework.beans.factory.UnsatisfiedDependencyException: Error creating bean with name 'orderController': Unsatisfied dependency expressed through field 'orderService'; nested exception is org.springframework.beans.factory.UnsatisfiedDependencyException: Error creating bean with name 'orderService': Unsatisfied dependency expressed through field 'orderRepository'; nested exception is org.springframework.beans.factory.BeanCreationException: Error creating bean with name 'orderRepository' defined in sh.radical.order.repositories.OrderRepository defined in @EnableMongoRepositories declared on MongoRepositoriesRegistrar.EnableMongoRepositoriesConfiguration: Cannot resolve reference to bean 'mongoTemplate' while setting bean property 'mongoOperations'; nested exception is org.springframework.beans.factory.UnsatisfiedDependencyException: Error creating bean with name 'mongoTemplate' defined in class path resource [sh/radical/order/configuration/MongoConfig.class]: Unsatisfied dependency expressed through method 'mongoTemplate' parameter 0; nested exception is org.springframework.beans.factory.BeanCreationException: Error creating bean with name 'mongoDbFactory' defined in class path resource [sh/radical/order/configuration/MongoConfig.class]: Bean instantiation via factory method failed; nested exception is org.springframework.beans.BeanInstantiationException: Failed to instantiate [org.springframework.data.mongodb.MongoDatabaseFactory]: Factory method 'mongoDbFactory' threw exception; nested exception is java.lang.NoSuchMethodError: 'com.mongodb.ServerApi com.mongodb.MongoClientSettings.getServerApi()'
2023-02-01 15:24:40.199 [main] [INFO] [o.a.catalina.core.StandardService] - Stopping service [Tomcat]
2023-02-01 15:24:40.207 [main] [INFO] [o.s.b.a.l.ConditionEvaluationReportLoggingListener] - 

Error starting ApplicationContext. To display the conditions report re-run your application with 'debug' enabled.
2023-02-01 15:24:40.215 [main] [ERROR] [o.s.b.d.LoggingFailureAnalysisReporter] - 

***************************
APPLICATION FAILED TO START
***************************

Description:

An attempt was made to call a method that does not exist. The attempt was made from the following location:

    com.mongodb.client.internal.MongoClientImpl.createCluster(MongoClientImpl.java:219)

The following method did not exist:

    'com.mongodb.ServerApi com.mongodb.MongoClientSettings.getServerApi()'

The calling method's class, com.mongodb.client.internal.MongoClientImpl, is available from the following locations:

    jar:file:/Users/saiprasadsomanchi/.gradle/caches/modules-2/files-2.1/org.mongodb/mongodb-driver-sync/4.4.0/8cf71eda642db02ee59ef9ff1e3856d6c8f853e3/mongodb-driver-sync-4.4.0.jar!/com/mongodb/client/internal/MongoClientImpl.class
    jar:file:/Users/saiprasadsomanchi/.gradle/caches/modules-2/files-2.1/org.mongodb/mongo-java-driver/3.12.8/d9e12b2056cea964a3805558382e0d30596444c5/mongo-java-driver-3.12.8.jar!/com/mongodb/client/internal/MongoClientImpl.class

The calling method's class was loaded from the following location:

    file:/Users/saiprasadsomanchi/.gradle/caches/modules-2/files-2.1/org.mongodb/mongodb-driver-sync/4.4.0/8cf71eda642db02ee59ef9ff1e3856d6c8f853e3/mongodb-driver-sync-4.4.0.jar

The called method's class, com.mongodb.MongoClientSettings, is available from the following locations:

    jar:file:/Users/saiprasadsomanchi/.gradle/caches/modules-2/files-2.1/org.mongodb/mongo-java-driver/3.12.8/d9e12b2056cea964a3805558382e0d30596444c5/mongo-java-driver-3.12.8.jar!/com/mongodb/MongoClientSettings.class
    jar:file:/Users/saiprasadsomanchi/.gradle/caches/modules-2/files-2.1/org.mongodb/mongodb-driver-core/4.4.0/e64a4cec513ad880c7945fb96b34871b875e1e48/mongodb-driver-core-4.4.0.jar!/com/mongodb/MongoClientSettings.class

The called method's class hierarchy was loaded from the following locations:

    com.mongodb.MongoClientSettings: file:/Users/saiprasadsomanchi/.gradle/caches/modules-2/files-2.1/org.mongodb/mongo-java-driver/3.12.8/d9e12b2056cea964a3805558382e0d30596444c5/mongo-java-driver-3.12.8.jar


Action:

Correct the classpath of your application so that it contains compatible versions of the classes com.mongodb.client.internal.MongoClientImpl and com.mongodb.MongoClientSettings

2023-02-01 15:25:26.278 [background-preinit] [INFO] [o.h.validator.internal.util.Version] - HV000001: Hibernate Validator 6.2.0.Final
2023-02-01 15:25:26.280 [main] [INFO] [sh.radical.order.OrderApplication] - Starting OrderApplication using Java 17.0.5 on saiprasadsomanchis-MacBook-Pro.local with PID 94237 (/Users/saiprasadsomanchi/OrderService/build/classes/java/main started by saiprasadsomanchi in /Users/saiprasadsomanchi/OrderService)
2023-02-01 15:25:26.280 [main] [INFO] [sh.radical.order.OrderApplication] - No active profile set, falling back to default profiles: default
2023-02-01 15:25:26.651 [main] [INFO] [o.s.d.r.c.RepositoryConfigurationDelegate] - Bootstrapping Spring Data MongoDB repositories in DEFAULT mode.
2023-02-01 15:25:26.670 [main] [INFO] [o.s.d.r.c.RepositoryConfigurationDelegate] - Finished Spring Data repository scanning in 17 ms. Found 1 MongoDB repository interfaces.
2023-02-01 15:25:26.868 [main] [INFO] [o.s.b.w.e.tomcat.TomcatWebServer] - Tomcat initialized with port(s): 8080 (http)
2023-02-01 15:25:26.873 [main] [INFO] [o.a.coyote.http11.Http11NioProtocol] - Initializing ProtocolHandler ["http-nio-8080"]
2023-02-01 15:25:26.873 [main] [INFO] [o.a.catalina.core.StandardService] - Starting service [Tomcat]
2023-02-01 15:25:26.873 [main] [INFO] [o.a.catalina.core.StandardEngine] - Starting Servlet engine: [Apache Tomcat/9.0.55]
2023-02-01 15:25:26.906 [main] [INFO] [o.a.c.c.C.[Tomcat].[localhost].[/]] - Initializing Spring embedded WebApplicationContext
2023-02-01 15:25:26.906 [main] [INFO] [o.s.b.w.s.c.ServletWebServerApplicationContext] - Root WebApplicationContext: initialization completed in 608 ms
2023-02-01 15:25:26.999 [main] [INFO] [org.mongodb.driver.cluster] - Cluster created with settings {hosts=[localhost:27017], mode=SINGLE, requiredClusterType=UNKNOWN, serverSelectionTimeout='30000 ms'}
2023-02-01 15:25:27.074 [cluster-ClusterId{value='63da370ef7ae536b6dfcbc07', description='null'}-localhost:27017] [INFO] [org.mongodb.driver.connection] - Opened connection [connectionId{localValue:1, serverValue:34}] to localhost:27017
2023-02-01 15:25:27.074 [cluster-rtt-ClusterId{value='63da370ef7ae536b6dfcbc07', description='null'}-localhost:27017] [INFO] [org.mongodb.driver.connection] - Opened connection [connectionId{localValue:2, serverValue:33}] to localhost:27017
2023-02-01 15:25:27.074 [cluster-ClusterId{value='63da370ef7ae536b6dfcbc07', description='null'}-localhost:27017] [INFO] [org.mongodb.driver.cluster] - Monitor thread successfully connected to server with description ServerDescription{address=localhost:27017, type=STANDALONE, state=CONNECTED, ok=true, minWireVersion=0, maxWireVersion=17, maxDocumentSize=16777216, logicalSessionTimeoutMinutes=30, roundTripTimeNanos=19029333}
2023-02-01 15:25:27.095 [main] [WARN] [o.s.b.w.s.c.AnnotationConfigServletWebServerApplicationContext] - Exception encountered during context initialization - cancelling refresh attempt: org.springframework.beans.factory.UnsatisfiedDependencyException: Error creating bean with name 'orderController': Unsatisfied dependency expressed through field 'orderService'; nested exception is org.springframework.beans.factory.UnsatisfiedDependencyException: Error creating bean with name 'orderService': Unsatisfied dependency expressed through field 'orderRepository'; nested exception is org.springframework.beans.factory.BeanCreationException: Error creating bean with name 'orderRepository' defined in sh.radical.order.repositories.OrderRepository defined in @EnableMongoRepositories declared on MongoRepositoriesRegistrar.EnableMongoRepositoriesConfiguration: Invocation of init method failed; nested exception is java.lang.IllegalArgumentException: Did not find a query class sh.radical.order.models.QOrder for domain class sh.radical.order.models.Order!
2023-02-01 15:25:27.096 [main] [INFO] [o.a.catalina.core.StandardService] - Stopping service [Tomcat]
2023-02-01 15:25:27.104 [main] [INFO] [o.s.b.a.l.ConditionEvaluationReportLoggingListener] - 

Error starting ApplicationContext. To display the conditions report re-run your application with 'debug' enabled.
2023-02-01 15:25:27.111 [main] [ERROR] [o.s.boot.SpringApplication] - Application run failed
org.springframework.beans.factory.UnsatisfiedDependencyException: Error creating bean with name 'orderController': Unsatisfied dependency expressed through field 'orderService'; nested exception is org.springframework.beans.factory.UnsatisfiedDependencyException: Error creating bean with name 'orderService': Unsatisfied dependency expressed through field 'orderRepository'; nested exception is org.springframework.beans.factory.BeanCreationException: Error creating bean with name 'orderRepository' defined in sh.radical.order.repositories.OrderRepository defined in @EnableMongoRepositories declared on MongoRepositoriesRegistrar.EnableMongoRepositoriesConfiguration: Invocation of init method failed; nested exception is java.lang.IllegalArgumentException: Did not find a query class sh.radical.order.models.QOrder for domain class sh.radical.order.models.Order!
	at org.springframework.beans.factory.annotation.AutowiredAnnotationBeanPostProcessor$AutowiredFieldElement.resolveFieldValue(AutowiredAnnotationBeanPostProcessor.java:659)
	at org.springframework.beans.factory.annotation.AutowiredAnnotationBeanPostProcessor$AutowiredFieldElement.inject(AutowiredAnnotationBeanPostProcessor.java:639)
	at org.springframework.beans.factory.annotation.InjectionMetadata.inject(InjectionMetadata.java:119)
	at org.springframework.beans.factory.annotation.AutowiredAnnotationBeanPostProcessor.postProcessProperties(AutowiredAnnotationBeanPostProcessor.java:399)
	at org.springframework.beans.factory.support.AbstractAutowireCapableBeanFactory.populateBean(AbstractAutowireCapableBeanFactory.java:1431)
	at org.springframework.beans.factory.support.AbstractAutowireCapableBeanFactory.doCreateBean(AbstractAutowireCapableBeanFactory.java:619)
	at org.springframework.beans.factory.support.AbstractAutowireCapableBeanFactory.createBean(AbstractAutowireCapableBeanFactory.java:542)
	at org.springframework.beans.factory.support.AbstractBeanFactory.lambda$doGetBean$0(AbstractBeanFactory.java:335)
	at org.springframework.beans.factory.support.DefaultSingletonBeanRegistry.getSingleton(DefaultSingletonBeanRegistry.java:234)
	at org.springframework.beans.factory.support.AbstractBeanFactory.doGetBean(AbstractBeanFactory.java:333)
	at org.springframework.beans.factory.support.AbstractBeanFactory.getBean(AbstractBeanFactory.java:208)
	at org.springframework.beans.factory.support.DefaultListableBeanFactory.preInstantiateSingletons(DefaultListableBeanFactory.java:944)
	at org.springframework.context.support.AbstractApplicationContext.finishBeanFactoryInitialization(AbstractApplicationContext.java:918)
	at org.springframework.context.support.AbstractApplicationContext.refresh(AbstractApplicationContext.java:583)
	at org.springframework.boot.web.servlet.context.ServletWebServerApplicationContext.refresh(ServletWebServerApplicationContext.java:145)
	at org.springframework.boot.SpringApplication.refresh(SpringApplication.java:730)
	at org.springframework.boot.SpringApplication.refreshContext(SpringApplication.java:412)
	at org.springframework.boot.SpringApplication.run(SpringApplication.java:302)
	at org.springframework.boot.SpringApplication.run(SpringApplication.java:1301)
	at org.springframework.boot.SpringApplication.run(SpringApplication.java:1290)
	at sh.radical.order.OrderApplication.main(OrderApplication.java:12)
Caused by: org.springframework.beans.factory.UnsatisfiedDependencyException: Error creating bean with name 'orderService': Unsatisfied dependency expressed through field 'orderRepository'; nested exception is org.springframework.beans.factory.BeanCreationException: Error creating bean with name 'orderRepository' defined in sh.radical.order.repositories.OrderRepository defined in @EnableMongoRepositories declared on MongoRepositoriesRegistrar.EnableMongoRepositoriesConfiguration: Invocation of init method failed; nested exception is java.lang.IllegalArgumentException: Did not find a query class sh.radical.order.models.QOrder for domain class sh.radical.order.models.Order!
	at org.springframework.beans.factory.annotation.AutowiredAnnotationBeanPostProcessor$AutowiredFieldElement.resolveFieldValue(AutowiredAnnotationBeanPostProcessor.java:659)
	at org.springframework.beans.factory.annotation.AutowiredAnnotationBeanPostProcessor$AutowiredFieldElement.inject(AutowiredAnnotationBeanPostProcessor.java:639)
	at org.springframework.beans.factory.annotation.InjectionMetadata.inject(InjectionMetadata.java:119)
	at org.springframework.beans.factory.annotation.AutowiredAnnotationBeanPostProcessor.postProcessProperties(AutowiredAnnotationBeanPostProcessor.java:399)
	at org.springframework.beans.factory.support.AbstractAutowireCapableBeanFactory.populateBean(AbstractAutowireCapableBeanFactory.java:1431)
	at org.springframework.beans.factory.support.AbstractAutowireCapableBeanFactory.doCreateBean(AbstractAutowireCapableBeanFactory.java:619)
	at org.springframework.beans.factory.support.AbstractAutowireCapableBeanFactory.createBean(AbstractAutowireCapableBeanFactory.java:542)
	at org.springframework.beans.factory.support.AbstractBeanFactory.lambda$doGetBean$0(AbstractBeanFactory.java:335)
	at org.springframework.beans.factory.support.DefaultSingletonBeanRegistry.getSingleton(DefaultSingletonBeanRegistry.java:234)
	at org.springframework.beans.factory.support.AbstractBeanFactory.doGetBean(AbstractBeanFactory.java:333)
	at org.springframework.beans.factory.support.AbstractBeanFactory.getBean(AbstractBeanFactory.java:208)
	at org.springframework.beans.factory.config.DependencyDescriptor.resolveCandidate(DependencyDescriptor.java:276)
	at org.springframework.beans.factory.support.DefaultListableBeanFactory.doResolveDependency(DefaultListableBeanFactory.java:1380)
	at org.springframework.beans.factory.support.DefaultListableBeanFactory.resolveDependency(DefaultListableBeanFactory.java:1300)
	at org.springframework.beans.factory.annotation.AutowiredAnnotationBeanPostProcessor$AutowiredFieldElement.resolveFieldValue(AutowiredAnnotationBeanPostProcessor.java:656)
	... 20 common frames omitted
Caused by: org.springframework.beans.factory.BeanCreationException: Error creating bean with name 'orderRepository' defined in sh.radical.order.repositories.OrderRepository defined in @EnableMongoRepositories declared on MongoRepositoriesRegistrar.EnableMongoRepositoriesConfiguration: Invocation of init method failed; nested exception is java.lang.IllegalArgumentException: Did not find a query class sh.radical.order.models.QOrder for domain class sh.radical.order.models.Order!
	at org.springframework.beans.factory.support.AbstractAutowireCapableBeanFactory.initializeBean(AbstractAutowireCapableBeanFactory.java:1804)
	at org.springframework.beans.factory.support.AbstractAutowireCapableBeanFactory.doCreateBean(AbstractAutowireCapableBeanFactory.java:620)
	at org.springframework.beans.factory.support.AbstractAutowireCapableBeanFactory.createBean(AbstractAutowireCapableBeanFactory.java:542)
	at org.springframework.beans.factory.support.AbstractBeanFactory.lambda$doGetBean$0(AbstractBeanFactory.java:335)
	at org.springframework.beans.factory.support.DefaultSingletonBeanRegistry.getSingleton(DefaultSingletonBeanRegistry.java:234)
	at org.springframework.beans.factory.support.AbstractBeanFactory.doGetBean(AbstractBeanFactory.java:333)
	at org.springframework.beans.factory.support.AbstractBeanFactory.getBean(AbstractBeanFactory.java:208)
	at org.springframework.beans.factory.config.DependencyDescriptor.resolveCandidate(DependencyDescriptor.java:276)
	at org.springframework.beans.factory.support.DefaultListableBeanFactory.doResolveDependency(DefaultListableBeanFactory.java:1380)
	at org.springframework.beans.factory.support.DefaultListableBeanFactory.resolveDependency(DefaultListableBeanFactory.java:1300)
	at org.springframework.beans.factory.annotation.AutowiredAnnotationBeanPostProcessor$AutowiredFieldElement.resolveFieldValue(AutowiredAnnotationBeanPostProcessor.java:656)
	... 34 common frames omitted
Caused by: java.lang.IllegalArgumentException: Did not find a query class sh.radical.order.models.QOrder for domain class sh.radical.order.models.Order!
	at org.springframework.data.querydsl.SimpleEntityPathResolver.createPath(SimpleEntityPathResolver.java:78)
	at org.springframework.data.mongodb.repository.support.QuerydslMongoPredicateExecutor.<init>(QuerydslMongoPredicateExecutor.java:83)
	at org.springframework.data.mongodb.repository.support.QuerydslMongoPredicateExecutor.<init>(QuerydslMongoPredicateExecutor.java:69)
	at org.springframework.data.mongodb.repository.support.MongoRepositoryFactory.getRepositoryFragments(MongoRepositoryFactory.java:121)
	at org.springframework.data.mongodb.repository.support.MongoRepositoryFactory.getRepositoryFragments(MongoRepositoryFactory.java:94)
	at org.springframework.data.repository.core.support.RepositoryFactorySupport.getRepositoryComposition(RepositoryFactorySupport.java:434)
	at org.springframework.data.repository.core.support.RepositoryFactorySupport.getRepository(RepositoryFactorySupport.java:300)
	at org.springframework.data.repository.core.support.RepositoryFactoryBeanSupport.lambda$afterPropertiesSet$5(RepositoryFactoryBeanSupport.java:322)
	at org.springframework.data.util.Lazy.getNullable(Lazy.java:230)
	at org.springframework.data.util.Lazy.get(Lazy.java:114)
	at org.springframework.data.repository.core.support.RepositoryFactoryBeanSupport.afterPropertiesSet(RepositoryFactoryBeanSupport.java:328)
	at org.springframework.data.mongodb.repository.support.MongoRepositoryFactoryBean.afterPropertiesSet(MongoRepositoryFactoryBean.java:119)
	at org.springframework.beans.factory.support.AbstractAutowireCapableBeanFactory.invokeInitMethods(AbstractAutowireCapableBeanFactory.java:1863)
	at org.springframework.beans.factory.support.AbstractAutowireCapableBeanFactory.initializeBean(AbstractAutowireCapableBeanFactory.java:1800)
	... 44 common frames omitted
Caused by: java.lang.ClassNotFoundException: sh.radical.order.models.QOrder
	at java.base/jdk.internal.loader.BuiltinClassLoader.loadClass(BuiltinClassLoader.java:641)
	at java.base/jdk.internal.loader.ClassLoaders$AppClassLoader.loadClass(ClassLoaders.java:188)
	at java.base/java.lang.ClassLoader.loadClass(ClassLoader.java:520)
	at java.base/java.lang.Class.forName0(Native Method)
	at java.base/java.lang.Class.forName(Class.java:467)
	at org.springframework.util.ClassUtils.forName(ClassUtils.java:284)
	at org.springframework.data.querydsl.SimpleEntityPathResolver.createPath(SimpleEntityPathResolver.java:71)
	... 57 common frames omitted
2023-02-01 15:29:05.302 [background-preinit] [INFO] [o.h.validator.internal.util.Version] - HV000001: Hibernate Validator 6.2.0.Final
2023-02-01 15:29:05.306 [main] [INFO] [sh.radical.order.OrderApplication] - Starting OrderApplication using Java 17.0.5 on saiprasadsomanchis-MacBook-Pro.local with PID 95278 (/Users/saiprasadsomanchi/OrderService/build/classes/java/main started by saiprasadsomanchi in /Users/saiprasadsomanchi/OrderService)
2023-02-01 15:29:05.307 [main] [INFO] [sh.radical.order.OrderApplication] - No active profile set, falling back to default profiles: default
2023-02-01 15:29:05.665 [main] [INFO] [o.s.d.r.c.RepositoryConfigurationDelegate] - Bootstrapping Spring Data MongoDB repositories in DEFAULT mode.
2023-02-01 15:29:05.689 [main] [INFO] [o.s.d.r.c.RepositoryConfigurationDelegate] - Finished Spring Data repository scanning in 22 ms. Found 1 MongoDB repository interfaces.
2023-02-01 15:29:05.932 [main] [INFO] [o.s.b.w.e.tomcat.TomcatWebServer] - Tomcat initialized with port(s): 8080 (http)
2023-02-01 15:29:05.942 [main] [INFO] [o.a.coyote.http11.Http11NioProtocol] - Initializing ProtocolHandler ["http-nio-8080"]
2023-02-01 15:29:05.942 [main] [INFO] [o.a.catalina.core.StandardService] - Starting service [Tomcat]
2023-02-01 15:29:05.942 [main] [INFO] [o.a.catalina.core.StandardEngine] - Starting Servlet engine: [Apache Tomcat/9.0.55]
2023-02-01 15:29:05.985 [main] [INFO] [o.a.c.c.C.[Tomcat].[localhost].[/]] - Initializing Spring embedded WebApplicationContext
2023-02-01 15:29:05.985 [main] [INFO] [o.s.b.w.s.c.ServletWebServerApplicationContext] - Root WebApplicationContext: initialization completed in 658 ms
2023-02-01 15:29:06.096 [main] [INFO] [org.mongodb.driver.cluster] - Cluster created with settings {hosts=[localhost:27017], mode=SINGLE, requiredClusterType=UNKNOWN, serverSelectionTimeout='30000 ms'}
2023-02-01 15:29:06.190 [cluster-rtt-ClusterId{value='63da37ea934c0f264b8f9342', description='null'}-localhost:27017] [INFO] [org.mongodb.driver.connection] - Opened connection [connectionId{localValue:2, serverValue:35}] to localhost:27017
2023-02-01 15:29:06.190 [cluster-ClusterId{value='63da37ea934c0f264b8f9342', description='null'}-localhost:27017] [INFO] [org.mongodb.driver.connection] - Opened connection [connectionId{localValue:1, serverValue:36}] to localhost:27017
2023-02-01 15:29:06.190 [cluster-ClusterId{value='63da37ea934c0f264b8f9342', description='null'}-localhost:27017] [INFO] [org.mongodb.driver.cluster] - Monitor thread successfully connected to server with description ServerDescription{address=localhost:27017, type=STANDALONE, state=CONNECTED, ok=true, minWireVersion=0, maxWireVersion=17, maxDocumentSize=16777216, logicalSessionTimeoutMinutes=30, roundTripTimeNanos=33491958}
2023-02-01 15:29:06.675 [main] [INFO] [o.a.coyote.http11.Http11NioProtocol] - Starting ProtocolHandler ["http-nio-8080"]
2023-02-01 15:29:06.685 [main] [INFO] [o.s.b.w.e.tomcat.TomcatWebServer] - Tomcat started on port(s): 8080 (http) with context path ''
2023-02-01 15:29:06.721 [main] [INFO] [o.s.b.w.e.tomcat.TomcatWebServer] - Tomcat initialized with port(s): 8081 (http)
2023-02-01 15:29:06.725 [main] [INFO] [o.a.coyote.http11.Http11NioProtocol] - Initializing ProtocolHandler ["http-nio-8081"]
2023-02-01 15:29:06.725 [main] [INFO] [o.a.catalina.core.StandardService] - Starting service [Tomcat]
2023-02-01 15:29:06.725 [main] [INFO] [o.a.catalina.core.StandardEngine] - Starting Servlet engine: [Apache Tomcat/9.0.55]
2023-02-01 15:29:06.732 [main] [INFO] [o.a.c.c.C.[Tomcat-1].[localhost].[/]] - Initializing Spring embedded WebApplicationContext
2023-02-01 15:29:06.732 [main] [INFO] [o.s.b.w.s.c.ServletWebServerApplicationContext] - Root WebApplicationContext: initialization completed in 45 ms
2023-02-01 15:29:06.740 [main] [INFO] [o.s.b.a.e.web.EndpointLinksResolver] - Exposing 3 endpoint(s) beneath base path '/actuator'
2023-02-01 15:29:06.837 [main] [INFO] [o.a.coyote.http11.Http11NioProtocol] - Starting ProtocolHandler ["http-nio-8081"]
2023-02-01 15:29:06.838 [main] [INFO] [o.s.b.w.e.tomcat.TomcatWebServer] - Tomcat started on port(s): 8081 (http) with context path ''
2023-02-01 15:29:06.846 [main] [INFO] [sh.radical.order.OrderApplication] - Started OrderApplication in 6.794 seconds (JVM running for 6.936)
